Arguments: 
  /Users/thinkmillptyltd/.nvm/versions/node/v11.15.0/bin/node /usr/local/Cellar/yarn/1.16.0/libexec/bin/yarn.js

PATH: 
  /Users/thinkmillptyltd/.nvm/versions/node/v11.15.0/bin:/usr/local/bin:/usr/bin:/bin:/usr/sbin:/sbin:/Users/thinkmillptyltd/.nvm/versions/node/v11.15.0/bin

Yarn version: 
  1.16.0

Node version: 
  11.15.0

Platform: 
  darwin x64

Trace: 
  SyntaxError: /Users/thinkmillptyltd/Sites/theme-ui/packages/theme-ui/package.json: Unexpected token < in JSON at position 24
      at JSON.parse (<anonymous>)
      at /usr/local/Cellar/yarn/1.16.0/libexec/lib/cli.js:1625:59
      at Generator.next (<anonymous>)
      at step (/usr/local/Cellar/yarn/1.16.0/libexec/lib/cli.js:304:30)
      at /usr/local/Cellar/yarn/1.16.0/libexec/lib/cli.js:315:13

npm manifest: 
  {
    "private": true,
    "scripts": {
      "prepare": "lerna run prepare",
      "start": "yarn workspace docs start",
      "build": "yarn workspace docs build",
      "serve": "yarn && yarn build && yarn workspace docs serve",
      "clean": "lerna run clean",
      "format": "prettier --write \"**/*.js{,on}\" \"**/*.md\"  \"**/*.mdx\"",
      "test": "jest",
      "logo": "yarn workspace docs logo",
      "dev:chrome": "yarn workspace @theme-ui/chrome dev",
      "dev:editor": "yarn workspace @theme-ui/editor dev"
    },
    "workspaces": [
      "packages/*",
      "examples/*"
    ],
    "devDependencies": {
      "@testing-library/react": "^8.0.1",
      "husky": ">=1",
      "jest": "^24.8.0",
      "jest-emotion": "^10.0.11",
      "lerna": "^3.14.1",
      "lint-staged": "8",
      "microbundle": "^0.11.0",
      "prettier": "^1.18.2",
      "react-test-renderer": "^16.8.6"
    },
    "jest": {
      "testMatch": [
        "**/packages/**/test/*.js"
      ],
      "testPathIgnorePatterns": [
        "/node_modules/",
        "/fixtures/",
        "/presets/",
        "/style-guide/",
        "tailwind.config.js"
      ],
      "coverageReporters": [
        "lcov",
        "text",
        "html"
      ],
      "collectCoverageFrom": [
        "packages/**/src/*.js",
        "!packages/docs/**/*",
        "!packages/presets/**/*",
        "!packages/style-guide/**/*"
      ],
      "coverageThreshold": {
        "global": {
          "branches": 90,
          "functions": 90,
          "lines": 90,
          "statements": 90
        }
      },
      "snapshotSerializers": [
        "jest-emotion"
      ]
    },
    "husky": {
      "hooks": {
        "pre-commit": "lint-staged"
      }
    }
  }

yarn manifest: 
  No manifest

Lockfile: 
  No lockfile
